{"/Users/arslan/Documents/Jobs/Turing/marscode_cursor_ai/cursor_application/Notebook_app_cursorai/frontend/src/App.jsx": {"path":"/Users/arslan/Documents/Jobs/Turing/marscode_cursor_ai/cursor_application/Notebook_app_cursorai/frontend/src/App.jsx","statementMap":{"0":{"start":{"line":9,"column":4},"end":{"line":32,"column":6}}},"fnMap":{"0":{"name":"App","decl":{"start":{"line":8,"column":9},"end":{"line":8,"column":12}},"loc":{"start":{"line":8,"column":15},"end":{"line":33,"column":1}},"line":8}},"branchMap":{},"s":{"0":0},"f":{"0":0},"b":{}}
,"/Users/arslan/Documents/Jobs/Turing/marscode_cursor_ai/cursor_application/Notebook_app_cursorai/frontend/src/api.js": {"path":"/Users/arslan/Documents/Jobs/Turing/marscode_cursor_ai/cursor_application/Notebook_app_cursorai/frontend/src/api.js","statementMap":{"0":{"start":{"line":5,"column":12},"end":{"line":10,"column":2}},"1":{"start":{"line":13,"column":0},"end":{"line":22,"column":2}},"2":{"start":{"line":15,"column":18},"end":{"line":15,"column":52}},"3":{"start":{"line":16,"column":4},"end":{"line":18,"column":5}},"4":{"start":{"line":17,"column":6},"end":{"line":17,"column":55}},"5":{"start":{"line":19,"column":4},"end":{"line":19,"column":18}},"6":{"start":{"line":21,"column":13},"end":{"line":21,"column":34}},"7":{"start":{"line":25,"column":23},"end":{"line":30,"column":1}},"8":{"start":{"line":26,"column":26},"end":{"line":26,"column":62}},"9":{"start":{"line":27,"column":26},"end":{"line":27,"column":58}},"10":{"start":{"line":28,"column":30},"end":{"line":28,"column":89}},"11":{"start":{"line":29,"column":20},"end":{"line":29,"column":55}},"12":{"start":{"line":32,"column":24},"end":{"line":37,"column":1}},"13":{"start":{"line":33,"column":16},"end":{"line":33,"column":38}},"14":{"start":{"line":34,"column":24},"end":{"line":34,"column":57}},"15":{"start":{"line":35,"column":18},"end":{"line":35,"column":49}},"16":{"start":{"line":36,"column":28},"end":{"line":36,"column":66}},"17":{"start":{"line":39,"column":23},"end":{"line":43,"column":1}},"18":{"start":{"line":40,"column":20},"end":{"line":40,"column":49}},"19":{"start":{"line":41,"column":31},"end":{"line":41,"column":72}},"20":{"start":{"line":42,"column":36},"end":{"line":42,"column":88}}},"fnMap":{"0":{"name":"(anonymous_0)","decl":{"start":{"line":14,"column":2},"end":{"line":14,"column":3}},"loc":{"start":{"line":14,"column":14},"end":{"line":20,"column":3}},"line":14},"1":{"name":"(anonymous_1)","decl":{"start":{"line":21,"column":2},"end":{"line":21,"column":3}},"loc":{"start":{"line":21,"column":13},"end":{"line":21,"column":34}},"line":21},"2":{"name":"(anonymous_2)","decl":{"start":{"line":26,"column":9},"end":{"line":26,"column":10}},"loc":{"start":{"line":26,"column":26},"end":{"line":26,"column":62}},"line":26},"3":{"name":"(anonymous_3)","decl":{"start":{"line":27,"column":12},"end":{"line":27,"column":13}},"loc":{"start":{"line":27,"column":26},"end":{"line":27,"column":58}},"line":27},"4":{"name":"(anonymous_4)","decl":{"start":{"line":28,"column":11},"end":{"line":28,"column":12}},"loc":{"start":{"line":28,"column":30},"end":{"line":28,"column":89}},"line":28},"5":{"name":"(anonymous_5)","decl":{"start":{"line":29,"column":10},"end":{"line":29,"column":11}},"loc":{"start":{"line":29,"column":20},"end":{"line":29,"column":55}},"line":29},"6":{"name":"(anonymous_6)","decl":{"start":{"line":33,"column":10},"end":{"line":33,"column":11}},"loc":{"start":{"line":33,"column":16},"end":{"line":33,"column":38}},"line":33},"7":{"name":"(anonymous_7)","decl":{"start":{"line":34,"column":10},"end":{"line":34,"column":11}},"loc":{"start":{"line":34,"column":24},"end":{"line":34,"column":57}},"line":34},"8":{"name":"(anonymous_8)","decl":{"start":{"line":35,"column":10},"end":{"line":35,"column":11}},"loc":{"start":{"line":35,"column":18},"end":{"line":35,"column":49}},"line":35},"9":{"name":"(anonymous_9)","decl":{"start":{"line":36,"column":10},"end":{"line":36,"column":11}},"loc":{"start":{"line":36,"column":28},"end":{"line":36,"column":66}},"line":36},"10":{"name":"(anonymous_10)","decl":{"start":{"line":40,"column":14},"end":{"line":40,"column":15}},"loc":{"start":{"line":40,"column":20},"end":{"line":40,"column":49}},"line":40},"11":{"name":"(anonymous_11)","decl":{"start":{"line":41,"column":17},"end":{"line":41,"column":18}},"loc":{"start":{"line":41,"column":31},"end":{"line":41,"column":72}},"line":41},"12":{"name":"(anonymous_12)","decl":{"start":{"line":42,"column":18},"end":{"line":42,"column":19}},"loc":{"start":{"line":42,"column":36},"end":{"line":42,"column":88}},"line":42}},"branchMap":{"0":{"loc":{"start":{"line":6,"column":11},"end":{"line":6,"column":66}},"type":"binary-expr","locations":[{"start":{"line":6,"column":11},"end":{"line":6,"column":39}},{"start":{"line":6,"column":43},"end":{"line":6,"column":66}}],"line":6},"1":{"loc":{"start":{"line":16,"column":4},"end":{"line":18,"column":5}},"type":"if","locations":[{"start":{"line":16,"column":4},"end":{"line":18,"column":5}},{"start":{},"end":{}}],"line":16}},"s":{"0":1,"1":1,"2":0,"3":0,"4":0,"5":0,"6":0,"7":1,"8":0,"9":0,"10":0,"11":0,"12":1,"13":0,"14":0,"15":0,"16":0,"17":1,"18":0,"19":0,"20":0},"f":{"0":0,"1":0,"2":0,"3":0,"4":0,"5":0,"6":0,"7":0,"8":0,"9":0,"10":0,"11":0,"12":0},"b":{"0":[1,1],"1":[0,0]},"_coverageSchema":"1a1c01bbd47fc00a2c39e90264f33305004495a9","hash":"f52b6c4efd0fffe63f4c7f0d77de828f020a869e"}
,"/Users/arslan/Documents/Jobs/Turing/marscode_cursor_ai/cursor_application/Notebook_app_cursorai/frontend/src/constants.js": {"path":"/Users/arslan/Documents/Jobs/Turing/marscode_cursor_ai/cursor_application/Notebook_app_cursorai/frontend/src/constants.js","statementMap":{"0":{"start":{"line":1,"column":28},"end":{"line":1,"column":42}},"1":{"start":{"line":2,"column":29},"end":{"line":2,"column":44}}},"fnMap":{},"branchMap":{},"s":{"0":5,"1":5},"f":{},"b":{},"_coverageSchema":"1a1c01bbd47fc00a2c39e90264f33305004495a9","hash":"edd183425b2785304f4960cef0f58dc8a0cf6717"}
,"/Users/arslan/Documents/Jobs/Turing/marscode_cursor_ai/cursor_application/Notebook_app_cursorai/frontend/src/components/Form.jsx": {"path":"/Users/arslan/Documents/Jobs/Turing/marscode_cursor_ai/cursor_application/Notebook_app_cursorai/frontend/src/components/Form.jsx","statementMap":{"0":{"start":{"line":9,"column":36},"end":{"line":16,"column":6}},"1":{"start":{"line":17,"column":34},"end":{"line":17,"column":49}},"2":{"start":{"line":18,"column":30},"end":{"line":18,"column":42}},"3":{"start":{"line":19,"column":21},"end":{"line":19,"column":34}},"4":{"start":{"line":21,"column":25},"end":{"line":27,"column":5}},"5":{"start":{"line":22,"column":8},"end":{"line":25,"column":11}},"6":{"start":{"line":26,"column":8},"end":{"line":26,"column":21}},"7":{"start":{"line":29,"column":25},"end":{"line":62,"column":5}},"8":{"start":{"line":30,"column":8},"end":{"line":30,"column":27}},"9":{"start":{"line":31,"column":8},"end":{"line":31,"column":25}},"10":{"start":{"line":32,"column":8},"end":{"line":32,"column":21}},"11":{"start":{"line":34,"column":8},"end":{"line":61,"column":9}},"12":{"start":{"line":35,"column":12},"end":{"line":51,"column":13}},"13":{"start":{"line":36,"column":28},"end":{"line":39,"column":18}},"14":{"start":{"line":40,"column":16},"end":{"line":40,"column":68}},"15":{"start":{"line":41,"column":16},"end":{"line":41,"column":70}},"16":{"start":{"line":42,"column":16},"end":{"line":42,"column":30}},"17":{"start":{"line":45,"column":16},"end":{"line":47,"column":17}},"18":{"start":{"line":46,"column":20},"end":{"line":46,"column":62}},"19":{"start":{"line":48,"column":16},"end":{"line":48,"column":49}},"20":{"start":{"line":49,"column":16},"end":{"line":49,"column":64}},"21":{"start":{"line":50,"column":16},"end":{"line":50,"column":35}},"22":{"start":{"line":53,"column":12},"end":{"line":53,"column":48}},"23":{"start":{"line":54,"column":12},"end":{"line":58,"column":14}},"24":{"start":{"line":60,"column":12},"end":{"line":60,"column":30}},"25":{"start":{"line":64,"column":4},"end":{"line":162,"column":6}}},"fnMap":{"0":{"name":"Form","decl":{"start":{"line":8,"column":9},"end":{"line":8,"column":13}},"loc":{"start":{"line":8,"column":26},"end":{"line":163,"column":1}},"line":8},"1":{"name":"(anonymous_1)","decl":{"start":{"line":21,"column":25},"end":{"line":21,"column":26}},"loc":{"start":{"line":21,"column":32},"end":{"line":27,"column":5}},"line":21},"2":{"name":"(anonymous_2)","decl":{"start":{"line":29,"column":25},"end":{"line":29,"column":26}},"loc":{"start":{"line":29,"column":38},"end":{"line":62,"column":5}},"line":29}},"branchMap":{"0":{"loc":{"start":{"line":35,"column":12},"end":{"line":51,"column":13}},"type":"if","locations":[{"start":{"line":35,"column":12},"end":{"line":51,"column":13}},{"start":{"line":43,"column":19},"end":{"line":51,"column":13}}],"line":35},"1":{"loc":{"start":{"line":45,"column":16},"end":{"line":47,"column":17}},"type":"if","locations":[{"start":{"line":45,"column":16},"end":{"line":47,"column":17}},{"start":{},"end":{}}],"line":45},"2":{"loc":{"start":{"line":55,"column":16},"end":{"line":57,"column":35}},"type":"binary-expr","locations":[{"start":{"line":55,"column":16},"end":{"line":55,"column":44}},{"start":{"line":56,"column":16},"end":{"line":56,"column":29}},{"start":{"line":57,"column":16},"end":{"line":57,"column":35}}],"line":55},"3":{"loc":{"start":{"line":67,"column":21},"end":{"line":67,"column":61}},"type":"cond-expr","locations":[{"start":{"line":67,"column":42},"end":{"line":67,"column":49}},{"start":{"line":67,"column":52},"end":{"line":67,"column":61}}],"line":67},"4":{"loc":{"start":{"line":79,"column":17},"end":{"line":109,"column":17}},"type":"binary-expr","locations":[{"start":{"line":79,"column":17},"end":{"line":79,"column":38}},{"start":{"line":80,"column":20},"end":{"line":108,"column":23}}],"line":79},"5":{"loc":{"start":{"line":121,"column":17},"end":{"line":131,"column":17}},"type":"binary-expr","locations":[{"start":{"line":121,"column":17},"end":{"line":121,"column":38}},{"start":{"line":122,"column":20},"end":{"line":130,"column":22}}],"line":121},"6":{"loc":{"start":{"line":133,"column":17},"end":{"line":133,"column":70}},"type":"binary-expr","locations":[{"start":{"line":133,"column":17},"end":{"line":133,"column":22}},{"start":{"line":133,"column":26},"end":{"line":133,"column":70}}],"line":133},"7":{"loc":{"start":{"line":140,"column":21},"end":{"line":144,"column":21}},"type":"cond-expr","locations":[{"start":{"line":141,"column":24},"end":{"line":141,"column":44}},{"start":{"line":143,"column":24},"end":{"line":143,"column":64}}],"line":140},"8":{"loc":{"start":{"line":143,"column":24},"end":{"line":143,"column":64}},"type":"cond-expr","locations":[{"start":{"line":143,"column":45},"end":{"line":143,"column":52}},{"start":{"line":143,"column":55},"end":{"line":143,"column":64}}],"line":143},"9":{"loc":{"start":{"line":148,"column":21},"end":{"line":158,"column":21}},"type":"cond-expr","locations":[{"start":{"line":149,"column":24},"end":{"line":152,"column":28}},{"start":{"line":154,"column":24},"end":{"line":157,"column":28}}],"line":148}},"s":{"0":11,"1":11,"2":11,"3":11,"4":11,"5":4,"6":4,"7":11,"8":1,"9":1,"10":1,"11":1,"12":1,"13":1,"14":1,"15":1,"16":1,"17":0,"18":0,"19":0,"20":0,"21":0,"22":0,"23":0,"24":1,"25":11},"f":{"0":11,"1":4,"2":1},"b":{"0":[1,0],"1":[0,0],"2":[0,0,0],"3":[7,4],"4":[11,4],"5":[11,4],"6":[11,0],"7":[1,10],"8":[6,4],"9":[7,4]},"_coverageSchema":"1a1c01bbd47fc00a2c39e90264f33305004495a9","hash":"c4ed61da37e4e8049f39fbc589cb76cdc5ff719d"}
,"/Users/arslan/Documents/Jobs/Turing/marscode_cursor_ai/cursor_application/Notebook_app_cursorai/frontend/src/components/Header.jsx": {"path":"/Users/arslan/Documents/Jobs/Turing/marscode_cursor_ai/cursor_application/Notebook_app_cursorai/frontend/src/components/Header.jsx","statementMap":{"0":{"start":{"line":7,"column":21},"end":{"line":7,"column":34}},"1":{"start":{"line":9,"column":25},"end":{"line":20,"column":5}},"2":{"start":{"line":10,"column":8},"end":{"line":19,"column":9}},"3":{"start":{"line":11,"column":34},"end":{"line":11,"column":69}},"4":{"start":{"line":12,"column":12},"end":{"line":12,"column":52}},"5":{"start":{"line":13,"column":12},"end":{"line":13,"column":50}},"6":{"start":{"line":14,"column":12},"end":{"line":14,"column":51}},"7":{"start":{"line":15,"column":12},"end":{"line":15,"column":31}},"8":{"start":{"line":17,"column":12},"end":{"line":17,"column":51}},"9":{"start":{"line":18,"column":12},"end":{"line":18,"column":54}},"10":{"start":{"line":22,"column":4},"end":{"line":33,"column":6}}},"fnMap":{"0":{"name":"Header","decl":{"start":{"line":6,"column":9},"end":{"line":6,"column":15}},"loc":{"start":{"line":6,"column":18},"end":{"line":34,"column":1}},"line":6},"1":{"name":"(anonymous_1)","decl":{"start":{"line":9,"column":25},"end":{"line":9,"column":26}},"loc":{"start":{"line":9,"column":37},"end":{"line":20,"column":5}},"line":9}},"branchMap":{},"s":{"0":17,"1":17,"2":1,"3":1,"4":1,"5":1,"6":1,"7":1,"8":0,"9":0,"10":17},"f":{"0":17,"1":1},"b":{},"_coverageSchema":"1a1c01bbd47fc00a2c39e90264f33305004495a9","hash":"67e169c56c7c0110c3bff35e77fc6a2963f89fd2"}
,"/Users/arslan/Documents/Jobs/Turing/marscode_cursor_ai/cursor_application/Notebook_app_cursorai/frontend/src/components/LoadingIndicator.jsx": {"path":"/Users/arslan/Documents/Jobs/Turing/marscode_cursor_ai/cursor_application/Notebook_app_cursorai/frontend/src/components/LoadingIndicator.jsx","statementMap":{"0":{"start":{"line":3,"column":25},"end":{"line":7,"column":1}},"1":{"start":{"line":4,"column":4},"end":{"line":6,"column":10}}},"fnMap":{"0":{"name":"(anonymous_0)","decl":{"start":{"line":3,"column":25},"end":{"line":3,"column":26}},"loc":{"start":{"line":3,"column":31},"end":{"line":7,"column":1}},"line":3}},"branchMap":{},"s":{"0":2,"1":6},"f":{"0":6},"b":{},"_coverageSchema":"1a1c01bbd47fc00a2c39e90264f33305004495a9","hash":"e0ec3f9dde5886ba995d26054601428bfa11ed4e"}
,"/Users/arslan/Documents/Jobs/Turing/marscode_cursor_ai/cursor_application/Notebook_app_cursorai/frontend/src/components/Note.jsx": {"path":"/Users/arslan/Documents/Jobs/Turing/marscode_cursor_ai/cursor_application/Notebook_app_cursorai/frontend/src/components/Note.jsx","statementMap":{"0":{"start":{"line":4,"column":4},"end":{"line":10,"column":6}}},"fnMap":{"0":{"name":"Note","decl":{"start":{"line":3,"column":9},"end":{"line":3,"column":13}},"loc":{"start":{"line":3,"column":34},"end":{"line":11,"column":1}},"line":3}},"branchMap":{},"s":{"0":2},"f":{"0":2},"b":{},"_coverageSchema":"1a1c01bbd47fc00a2c39e90264f33305004495a9","hash":"9eb90b93bdb58e433fa00415a9e5d955d6af0fdb"}
,"/Users/arslan/Documents/Jobs/Turing/marscode_cursor_ai/cursor_application/Notebook_app_cursorai/frontend/src/components/ProtectedRoute.jsx": {"path":"/Users/arslan/Documents/Jobs/Turing/marscode_cursor_ai/cursor_application/Notebook_app_cursorai/frontend/src/components/ProtectedRoute.jsx","statementMap":{"0":{"start":{"line":9,"column":44},"end":{"line":9,"column":58}},"1":{"start":{"line":11,"column":4},"end":{"line":13,"column":10}},"2":{"start":{"line":12,"column":8},"end":{"line":12,"column":50}},"3":{"start":{"line":12,"column":27},"end":{"line":12,"column":49}},"4":{"start":{"line":15,"column":25},"end":{"line":31,"column":5}},"5":{"start":{"line":16,"column":29},"end":{"line":16,"column":64}},"6":{"start":{"line":17,"column":8},"end":{"line":30,"column":9}},"7":{"start":{"line":18,"column":24},"end":{"line":20,"column":14}},"8":{"start":{"line":21,"column":12},"end":{"line":26,"column":13}},"9":{"start":{"line":22,"column":16},"end":{"line":22,"column":67}},"10":{"start":{"line":23,"column":16},"end":{"line":23,"column":37}},"11":{"start":{"line":25,"column":16},"end":{"line":25,"column":38}},"12":{"start":{"line":28,"column":12},"end":{"line":28,"column":31}},"13":{"start":{"line":29,"column":12},"end":{"line":29,"column":35}},"14":{"start":{"line":33,"column":17},"end":{"line":48,"column":5}},"15":{"start":{"line":34,"column":22},"end":{"line":34,"column":56}},"16":{"start":{"line":35,"column":8},"end":{"line":38,"column":9}},"17":{"start":{"line":36,"column":12},"end":{"line":36,"column":35}},"18":{"start":{"line":37,"column":12},"end":{"line":37,"column":19}},"19":{"start":{"line":39,"column":24},"end":{"line":39,"column":40}},"20":{"start":{"line":40,"column":32},"end":{"line":40,"column":43}},"21":{"start":{"line":41,"column":20},"end":{"line":41,"column":37}},"22":{"start":{"line":43,"column":8},"end":{"line":47,"column":9}},"23":{"start":{"line":44,"column":12},"end":{"line":44,"column":33}},"24":{"start":{"line":46,"column":12},"end":{"line":46,"column":34}},"25":{"start":{"line":50,"column":4},"end":{"line":52,"column":5}},"26":{"start":{"line":51,"column":8},"end":{"line":51,"column":37}},"27":{"start":{"line":54,"column":4},"end":{"line":54,"column":62}}},"fnMap":{"0":{"name":"ProtectedRoute","decl":{"start":{"line":8,"column":9},"end":{"line":8,"column":23}},"loc":{"start":{"line":8,"column":38},"end":{"line":55,"column":1}},"line":8},"1":{"name":"(anonymous_1)","decl":{"start":{"line":11,"column":14},"end":{"line":11,"column":15}},"loc":{"start":{"line":11,"column":20},"end":{"line":13,"column":5}},"line":11},"2":{"name":"(anonymous_2)","decl":{"start":{"line":12,"column":21},"end":{"line":12,"column":22}},"loc":{"start":{"line":12,"column":27},"end":{"line":12,"column":49}},"line":12},"3":{"name":"(anonymous_3)","decl":{"start":{"line":15,"column":25},"end":{"line":15,"column":26}},"loc":{"start":{"line":15,"column":37},"end":{"line":31,"column":5}},"line":15},"4":{"name":"(anonymous_4)","decl":{"start":{"line":33,"column":17},"end":{"line":33,"column":18}},"loc":{"start":{"line":33,"column":29},"end":{"line":48,"column":5}},"line":33}},"branchMap":{"0":{"loc":{"start":{"line":21,"column":12},"end":{"line":26,"column":13}},"type":"if","locations":[{"start":{"line":21,"column":12},"end":{"line":26,"column":13}},{"start":{"line":24,"column":19},"end":{"line":26,"column":13}}],"line":21},"1":{"loc":{"start":{"line":35,"column":8},"end":{"line":38,"column":9}},"type":"if","locations":[{"start":{"line":35,"column":8},"end":{"line":38,"column":9}},{"start":{},"end":{}}],"line":35},"2":{"loc":{"start":{"line":43,"column":8},"end":{"line":47,"column":9}},"type":"if","locations":[{"start":{"line":43,"column":8},"end":{"line":47,"column":9}},{"start":{"line":45,"column":15},"end":{"line":47,"column":9}}],"line":43},"3":{"loc":{"start":{"line":50,"column":4},"end":{"line":52,"column":5}},"type":"if","locations":[{"start":{"line":50,"column":4},"end":{"line":52,"column":5}},{"start":{},"end":{}}],"line":50},"4":{"loc":{"start":{"line":54,"column":11},"end":{"line":54,"column":61}},"type":"cond-expr","locations":[{"start":{"line":54,"column":26},"end":{"line":54,"column":34}},{"start":{"line":54,"column":37},"end":{"line":54,"column":61}}],"line":54}},"s":{"0":4,"1":4,"2":2,"3":0,"4":4,"5":0,"6":0,"7":0,"8":0,"9":0,"10":0,"11":0,"12":0,"13":0,"14":4,"15":2,"16":2,"17":1,"18":1,"19":1,"20":1,"21":1,"22":1,"23":0,"24":1,"25":4,"26":2,"27":2},"f":{"0":4,"1":2,"2":0,"3":0,"4":2},"b":{"0":[0,0],"1":[1,1],"2":[0,1],"3":[2,2],"4":[1,1]},"_coverageSchema":"1a1c01bbd47fc00a2c39e90264f33305004495a9","hash":"28cc8a9ced4bdee34506852259f57b44ed5f08a2"}
,"/Users/arslan/Documents/Jobs/Turing/marscode_cursor_ai/cursor_application/Notebook_app_cursorai/frontend/src/pages/Home.jsx": {"path":"/Users/arslan/Documents/Jobs/Turing/marscode_cursor_ai/cursor_application/Notebook_app_cursorai/frontend/src/pages/Home.jsx","statementMap":{"0":{"start":{"line":8,"column":30},"end":{"line":8,"column":42}},"1":{"start":{"line":9,"column":34},"end":{"line":9,"column":46}},"2":{"start":{"line":10,"column":30},"end":{"line":10,"column":42}},"3":{"start":{"line":12,"column":4},"end":{"line":14,"column":11}},"4":{"start":{"line":13,"column":8},"end":{"line":13,"column":19}},"5":{"start":{"line":16,"column":21},"end":{"line":23,"column":5}},"6":{"start":{"line":17,"column":8},"end":{"line":22,"column":9}},"7":{"start":{"line":18,"column":24},"end":{"line":18,"column":47}},"8":{"start":{"line":19,"column":12},"end":{"line":19,"column":31}},"9":{"start":{"line":21,"column":12},"end":{"line":21,"column":75}},"10":{"start":{"line":25,"column":23},"end":{"line":33,"column":5}},"11":{"start":{"line":26,"column":8},"end":{"line":32,"column":9}},"12":{"start":{"line":27,"column":12},"end":{"line":27,"column":38}},"13":{"start":{"line":28,"column":12},"end":{"line":28,"column":35}},"14":{"start":{"line":29,"column":12},"end":{"line":29,"column":23}},"15":{"start":{"line":31,"column":12},"end":{"line":31,"column":75}},"16":{"start":{"line":35,"column":23},"end":{"line":46,"column":5}},"17":{"start":{"line":36,"column":8},"end":{"line":36,"column":27}},"18":{"start":{"line":37,"column":8},"end":{"line":45,"column":9}},"19":{"start":{"line":38,"column":12},"end":{"line":38,"column":54}},"20":{"start":{"line":39,"column":12},"end":{"line":39,"column":35}},"21":{"start":{"line":40,"column":12},"end":{"line":40,"column":27}},"22":{"start":{"line":41,"column":12},"end":{"line":41,"column":25}},"23":{"start":{"line":42,"column":12},"end":{"line":42,"column":23}},"24":{"start":{"line":44,"column":12},"end":{"line":44,"column":75}},"25":{"start":{"line":48,"column":4},"end":{"line":78,"column":6}},"26":{"start":{"line":57,"column":37},"end":{"line":57,"column":61}},"27":{"start":{"line":62,"column":37},"end":{"line":62,"column":63}},"28":{"start":{"line":69,"column":20},"end":{"line":73,"column":22}},"29":{"start":{"line":72,"column":40},"end":{"line":72,"column":59}}},"fnMap":{"0":{"name":"Home","decl":{"start":{"line":7,"column":9},"end":{"line":7,"column":13}},"loc":{"start":{"line":7,"column":16},"end":{"line":79,"column":1}},"line":7},"1":{"name":"(anonymous_1)","decl":{"start":{"line":12,"column":14},"end":{"line":12,"column":15}},"loc":{"start":{"line":12,"column":20},"end":{"line":14,"column":5}},"line":12},"2":{"name":"(anonymous_2)","decl":{"start":{"line":16,"column":21},"end":{"line":16,"column":22}},"loc":{"start":{"line":16,"column":33},"end":{"line":23,"column":5}},"line":16},"3":{"name":"(anonymous_3)","decl":{"start":{"line":25,"column":23},"end":{"line":25,"column":24}},"loc":{"start":{"line":25,"column":37},"end":{"line":33,"column":5}},"line":25},"4":{"name":"(anonymous_4)","decl":{"start":{"line":35,"column":23},"end":{"line":35,"column":24}},"loc":{"start":{"line":35,"column":36},"end":{"line":46,"column":5}},"line":35},"5":{"name":"(anonymous_5)","decl":{"start":{"line":57,"column":30},"end":{"line":57,"column":31}},"loc":{"start":{"line":57,"column":37},"end":{"line":57,"column":61}},"line":57},"6":{"name":"(anonymous_6)","decl":{"start":{"line":62,"column":30},"end":{"line":62,"column":31}},"loc":{"start":{"line":62,"column":37},"end":{"line":62,"column":63}},"line":62},"7":{"name":"(anonymous_7)","decl":{"start":{"line":68,"column":27},"end":{"line":68,"column":28}},"loc":{"start":{"line":69,"column":20},"end":{"line":73,"column":22}},"line":69},"8":{"name":"(anonymous_8)","decl":{"start":{"line":72,"column":34},"end":{"line":72,"column":35}},"loc":{"start":{"line":72,"column":40},"end":{"line":72,"column":59}},"line":72}},"branchMap":{"0":{"loc":{"start":{"line":21,"column":18},"end":{"line":21,"column":73}},"type":"binary-expr","locations":[{"start":{"line":21,"column":18},"end":{"line":21,"column":46}},{"start":{"line":21,"column":50},"end":{"line":21,"column":73}}],"line":21},"1":{"loc":{"start":{"line":31,"column":18},"end":{"line":31,"column":73}},"type":"binary-expr","locations":[{"start":{"line":31,"column":18},"end":{"line":31,"column":46}},{"start":{"line":31,"column":50},"end":{"line":31,"column":73}}],"line":31},"2":{"loc":{"start":{"line":44,"column":18},"end":{"line":44,"column":73}},"type":"binary-expr","locations":[{"start":{"line":44,"column":18},"end":{"line":44,"column":46}},{"start":{"line":44,"column":50},"end":{"line":44,"column":73}}],"line":44}},"s":{"0":6,"1":5,"2":5,"3":5,"4":2,"5":5,"6":3,"7":3,"8":3,"9":0,"10":5,"11":0,"12":0,"13":0,"14":0,"15":0,"16":5,"17":1,"18":1,"19":1,"20":1,"21":1,"22":1,"23":1,"24":0,"25":5,"26":1,"27":1,"28":0,"29":0},"f":{"0":6,"1":2,"2":3,"3":0,"4":1,"5":1,"6":1,"7":0,"8":0},"b":{"0":[0,0],"1":[0,0],"2":[0,0]},"_coverageSchema":"1a1c01bbd47fc00a2c39e90264f33305004495a9","hash":"00ffc0b75fd0b759d598e623321fe20c66ba7c77"}
,"/Users/arslan/Documents/Jobs/Turing/marscode_cursor_ai/cursor_application/Notebook_app_cursorai/frontend/src/pages/Login.jsx": {"path":"/Users/arslan/Documents/Jobs/Turing/marscode_cursor_ai/cursor_application/Notebook_app_cursorai/frontend/src/pages/Login.jsx","statementMap":{"0":{"start":{"line":4,"column":4},"end":{"line":4,"column":54}}},"fnMap":{"0":{"name":"Login","decl":{"start":{"line":3,"column":9},"end":{"line":3,"column":14}},"loc":{"start":{"line":3,"column":17},"end":{"line":5,"column":1}},"line":3}},"branchMap":{},"s":{"0":0},"f":{"0":0},"b":{}}
,"/Users/arslan/Documents/Jobs/Turing/marscode_cursor_ai/cursor_application/Notebook_app_cursorai/frontend/src/pages/NotFound.jsx": {"path":"/Users/arslan/Documents/Jobs/Turing/marscode_cursor_ai/cursor_application/Notebook_app_cursorai/frontend/src/pages/NotFound.jsx","statementMap":{"0":{"start":{"line":2,"column":4},"end":{"line":5,"column":10}}},"fnMap":{"0":{"name":"NotFound","decl":{"start":{"line":1,"column":9},"end":{"line":1,"column":17}},"loc":{"start":{"line":1,"column":20},"end":{"line":6,"column":1}},"line":1}},"branchMap":{},"s":{"0":0},"f":{"0":0},"b":{}}
,"/Users/arslan/Documents/Jobs/Turing/marscode_cursor_ai/cursor_application/Notebook_app_cursorai/frontend/src/pages/Profile.jsx": {"path":"/Users/arslan/Documents/Jobs/Turing/marscode_cursor_ai/cursor_application/Notebook_app_cursorai/frontend/src/pages/Profile.jsx","statementMap":{"0":{"start":{"line":8,"column":36},"end":{"line":13,"column":6}},"1":{"start":{"line":15,"column":44},"end":{"line":19,"column":6}},"2":{"start":{"line":21,"column":32},"end":{"line":21,"column":44}},"3":{"start":{"line":22,"column":34},"end":{"line":22,"column":49}},"4":{"start":{"line":23,"column":34},"end":{"line":23,"column":46}},"5":{"start":{"line":24,"column":38},"end":{"line":24,"column":57}},"6":{"start":{"line":26,"column":4},"end":{"line":28,"column":11}},"7":{"start":{"line":27,"column":8},"end":{"line":27,"column":27}},"8":{"start":{"line":30,"column":29},"end":{"line":40,"column":5}},"9":{"start":{"line":31,"column":8},"end":{"line":39,"column":9}},"10":{"start":{"line":32,"column":12},"end":{"line":32,"column":29}},"11":{"start":{"line":33,"column":29},"end":{"line":33,"column":55}},"12":{"start":{"line":34,"column":12},"end":{"line":34,"column":39}},"13":{"start":{"line":36,"column":12},"end":{"line":36,"column":67}},"14":{"start":{"line":38,"column":12},"end":{"line":38,"column":30}},"15":{"start":{"line":42,"column":32},"end":{"line":53,"column":5}},"16":{"start":{"line":43,"column":8},"end":{"line":46,"column":11}},"17":{"start":{"line":48,"column":8},"end":{"line":51,"column":11}},"18":{"start":{"line":52,"column":8},"end":{"line":52,"column":23}},"19":{"start":{"line":55,"column":33},"end":{"line":66,"column":5}},"20":{"start":{"line":56,"column":8},"end":{"line":59,"column":11}},"21":{"start":{"line":61,"column":8},"end":{"line":64,"column":11}},"22":{"start":{"line":65,"column":8},"end":{"line":65,"column":23}},"23":{"start":{"line":68,"column":32},"end":{"line":80,"column":5}},"24":{"start":{"line":69,"column":26},"end":{"line":69,"column":28}},"25":{"start":{"line":70,"column":8},"end":{"line":74,"column":9}},"26":{"start":{"line":71,"column":12},"end":{"line":71,"column":50}},"27":{"start":{"line":72,"column":15},"end":{"line":74,"column":9}},"28":{"start":{"line":73,"column":12},"end":{"line":73,"column":67}},"29":{"start":{"line":75,"column":8},"end":{"line":75,"column":82}},"30":{"start":{"line":75,"column":34},"end":{"line":75,"column":82}},"31":{"start":{"line":76,"column":8},"end":{"line":76,"column":79}},"32":{"start":{"line":76,"column":33},"end":{"line":76,"column":79}},"33":{"start":{"line":78,"column":8},"end":{"line":78,"column":29}},"34":{"start":{"line":79,"column":8},"end":{"line":79,"column":51}},"35":{"start":{"line":82,"column":33},"end":{"line":98,"column":5}},"36":{"start":{"line":83,"column":26},"end":{"line":83,"column":28}},"37":{"start":{"line":84,"column":8},"end":{"line":86,"column":9}},"38":{"start":{"line":85,"column":12},"end":{"line":85,"column":72}},"39":{"start":{"line":87,"column":8},"end":{"line":91,"column":9}},"40":{"start":{"line":88,"column":12},"end":{"line":88,"column":64}},"41":{"start":{"line":89,"column":15},"end":{"line":91,"column":9}},"42":{"start":{"line":90,"column":12},"end":{"line":90,"column":83}},"43":{"start":{"line":92,"column":8},"end":{"line":94,"column":9}},"44":{"start":{"line":93,"column":12},"end":{"line":93,"column":66}},"45":{"start":{"line":96,"column":8},"end":{"line":96,"column":29}},"46":{"start":{"line":97,"column":8},"end":{"line":97,"column":51}},"47":{"start":{"line":100,"column":32},"end":{"line":115,"column":5}},"48":{"start":{"line":101,"column":8},"end":{"line":101,"column":27}},"49":{"start":{"line":102,"column":8},"end":{"line":102,"column":43}},"50":{"start":{"line":102,"column":36},"end":{"line":102,"column":43}},"51":{"start":{"line":104,"column":8},"end":{"line":114,"column":9}},"52":{"start":{"line":105,"column":12},"end":{"line":105,"column":29}},"53":{"start":{"line":106,"column":12},"end":{"line":106,"column":50}},"54":{"start":{"line":107,"column":12},"end":{"line":107,"column":56}},"55":{"start":{"line":108,"column":12},"end":{"line":108,"column":26}},"56":{"start":{"line":110,"column":33},"end":{"line":110,"column":59}},"57":{"start":{"line":111,"column":12},"end":{"line":111,"column":36}},"58":{"start":{"line":113,"column":12},"end":{"line":113,"column":30}},"59":{"start":{"line":117,"column":33},"end":{"line":137,"column":5}},"60":{"start":{"line":118,"column":8},"end":{"line":118,"column":27}},"61":{"start":{"line":119,"column":8},"end":{"line":119,"column":44}},"62":{"start":{"line":119,"column":37},"end":{"line":119,"column":44}},"63":{"start":{"line":121,"column":8},"end":{"line":136,"column":9}},"64":{"start":{"line":122,"column":12},"end":{"line":122,"column":29}},"65":{"start":{"line":123,"column":12},"end":{"line":123,"column":55}},"66":{"start":{"line":124,"column":12},"end":{"line":124,"column":57}},"67":{"start":{"line":125,"column":12},"end":{"line":129,"column":15}},"68":{"start":{"line":130,"column":12},"end":{"line":130,"column":26}},"69":{"start":{"line":132,"column":33},"end":{"line":132,"column":59}},"70":{"start":{"line":133,"column":12},"end":{"line":133,"column":36}},"71":{"start":{"line":135,"column":12},"end":{"line":135,"column":30}},"72":{"start":{"line":139,"column":4},"end":{"line":141,"column":5}},"73":{"start":{"line":140,"column":8},"end":{"line":140,"column":36}},"74":{"start":{"line":143,"column":4},"end":{"line":273,"column":6}},"75":{"start":{"line":150,"column":39},"end":{"line":150,"column":62}},"76":{"start":{"line":156,"column":39},"end":{"line":156,"column":63}}},"fnMap":{"0":{"name":"Profile","decl":{"start":{"line":7,"column":9},"end":{"line":7,"column":16}},"loc":{"start":{"line":7,"column":19},"end":{"line":274,"column":1}},"line":7},"1":{"name":"(anonymous_1)","decl":{"start":{"line":26,"column":14},"end":{"line":26,"column":15}},"loc":{"start":{"line":26,"column":20},"end":{"line":28,"column":5}},"line":26},"2":{"name":"(anonymous_2)","decl":{"start":{"line":30,"column":29},"end":{"line":30,"column":30}},"loc":{"start":{"line":30,"column":41},"end":{"line":40,"column":5}},"line":30},"3":{"name":"(anonymous_3)","decl":{"start":{"line":42,"column":32},"end":{"line":42,"column":33}},"loc":{"start":{"line":42,"column":39},"end":{"line":53,"column":5}},"line":42},"4":{"name":"(anonymous_4)","decl":{"start":{"line":55,"column":33},"end":{"line":55,"column":34}},"loc":{"start":{"line":55,"column":40},"end":{"line":66,"column":5}},"line":55},"5":{"name":"(anonymous_5)","decl":{"start":{"line":68,"column":32},"end":{"line":68,"column":33}},"loc":{"start":{"line":68,"column":38},"end":{"line":80,"column":5}},"line":68},"6":{"name":"(anonymous_6)","decl":{"start":{"line":82,"column":33},"end":{"line":82,"column":34}},"loc":{"start":{"line":82,"column":39},"end":{"line":98,"column":5}},"line":82},"7":{"name":"(anonymous_7)","decl":{"start":{"line":100,"column":32},"end":{"line":100,"column":33}},"loc":{"start":{"line":100,"column":45},"end":{"line":115,"column":5}},"line":100},"8":{"name":"(anonymous_8)","decl":{"start":{"line":117,"column":33},"end":{"line":117,"column":34}},"loc":{"start":{"line":117,"column":46},"end":{"line":137,"column":5}},"line":117},"9":{"name":"(anonymous_9)","decl":{"start":{"line":150,"column":33},"end":{"line":150,"column":34}},"loc":{"start":{"line":150,"column":39},"end":{"line":150,"column":62}},"line":150},"10":{"name":"(anonymous_10)","decl":{"start":{"line":156,"column":33},"end":{"line":156,"column":34}},"loc":{"start":{"line":156,"column":39},"end":{"line":156,"column":63}},"line":156}},"branchMap":{"0":{"loc":{"start":{"line":70,"column":8},"end":{"line":74,"column":9}},"type":"if","locations":[{"start":{"line":70,"column":8},"end":{"line":74,"column":9}},{"start":{"line":72,"column":15},"end":{"line":74,"column":9}}],"line":70},"1":{"loc":{"start":{"line":72,"column":15},"end":{"line":74,"column":9}},"type":"if","locations":[{"start":{"line":72,"column":15},"end":{"line":74,"column":9}},{"start":{},"end":{}}],"line":72},"2":{"loc":{"start":{"line":75,"column":8},"end":{"line":75,"column":82}},"type":"if","locations":[{"start":{"line":75,"column":8},"end":{"line":75,"column":82}},{"start":{},"end":{}}],"line":75},"3":{"loc":{"start":{"line":76,"column":8},"end":{"line":76,"column":79}},"type":"if","locations":[{"start":{"line":76,"column":8},"end":{"line":76,"column":79}},{"start":{},"end":{}}],"line":76},"4":{"loc":{"start":{"line":84,"column":8},"end":{"line":86,"column":9}},"type":"if","locations":[{"start":{"line":84,"column":8},"end":{"line":86,"column":9}},{"start":{},"end":{}}],"line":84},"5":{"loc":{"start":{"line":87,"column":8},"end":{"line":91,"column":9}},"type":"if","locations":[{"start":{"line":87,"column":8},"end":{"line":91,"column":9}},{"start":{"line":89,"column":15},"end":{"line":91,"column":9}}],"line":87},"6":{"loc":{"start":{"line":89,"column":15},"end":{"line":91,"column":9}},"type":"if","locations":[{"start":{"line":89,"column":15},"end":{"line":91,"column":9}},{"start":{},"end":{}}],"line":89},"7":{"loc":{"start":{"line":92,"column":8},"end":{"line":94,"column":9}},"type":"if","locations":[{"start":{"line":92,"column":8},"end":{"line":94,"column":9}},{"start":{},"end":{}}],"line":92},"8":{"loc":{"start":{"line":102,"column":8},"end":{"line":102,"column":43}},"type":"if","locations":[{"start":{"line":102,"column":8},"end":{"line":102,"column":43}},{"start":{},"end":{}}],"line":102},"9":{"loc":{"start":{"line":110,"column":33},"end":{"line":110,"column":59}},"type":"binary-expr","locations":[{"start":{"line":110,"column":33},"end":{"line":110,"column":53}},{"start":{"line":110,"column":57},"end":{"line":110,"column":59}}],"line":110},"10":{"loc":{"start":{"line":119,"column":8},"end":{"line":119,"column":44}},"type":"if","locations":[{"start":{"line":119,"column":8},"end":{"line":119,"column":44}},{"start":{},"end":{}}],"line":119},"11":{"loc":{"start":{"line":132,"column":33},"end":{"line":132,"column":59}},"type":"binary-expr","locations":[{"start":{"line":132,"column":33},"end":{"line":132,"column":53}},{"start":{"line":132,"column":57},"end":{"line":132,"column":59}}],"line":132},"12":{"loc":{"start":{"line":139,"column":4},"end":{"line":141,"column":5}},"type":"if","locations":[{"start":{"line":139,"column":4},"end":{"line":141,"column":5}},{"start":{},"end":{}}],"line":139},"13":{"loc":{"start":{"line":139,"column":8},"end":{"line":139,"column":37}},"type":"binary-expr","locations":[{"start":{"line":139,"column":8},"end":{"line":139,"column":15}},{"start":{"line":139,"column":19},"end":{"line":139,"column":37}}],"line":139},"14":{"loc":{"start":{"line":149,"column":49},"end":{"line":149,"column":88}},"type":"cond-expr","locations":[{"start":{"line":149,"column":75},"end":{"line":149,"column":83}},{"start":{"line":149,"column":86},"end":{"line":149,"column":88}}],"line":149},"15":{"loc":{"start":{"line":155,"column":49},"end":{"line":155,"column":89}},"type":"cond-expr","locations":[{"start":{"line":155,"column":76},"end":{"line":155,"column":84}},{"start":{"line":155,"column":87},"end":{"line":155,"column":89}}],"line":155},"16":{"loc":{"start":{"line":162,"column":17},"end":{"line":162,"column":76}},"type":"binary-expr","locations":[{"start":{"line":162,"column":17},"end":{"line":162,"column":24}},{"start":{"line":162,"column":28},"end":{"line":162,"column":76}}],"line":162},"17":{"loc":{"start":{"line":164,"column":17},"end":{"line":270,"column":17}},"type":"cond-expr","locations":[{"start":{"line":165,"column":20},"end":{"line":221,"column":27}},{"start":{"line":223,"column":20},"end":{"line":269,"column":27}}],"line":164},"18":{"loc":{"start":{"line":176,"column":29},"end":{"line":176,"column":102}},"type":"binary-expr","locations":[{"start":{"line":176,"column":29},"end":{"line":176,"column":44}},{"start":{"line":176,"column":48},"end":{"line":176,"column":102}}],"line":176},"19":{"loc":{"start":{"line":189,"column":29},"end":{"line":189,"column":96}},"type":"binary-expr","locations":[{"start":{"line":189,"column":29},"end":{"line":189,"column":41}},{"start":{"line":189,"column":45},"end":{"line":189,"column":96}}],"line":189},"20":{"loc":{"start":{"line":202,"column":29},"end":{"line":202,"column":106}},"type":"binary-expr","locations":[{"start":{"line":202,"column":29},"end":{"line":202,"column":46}},{"start":{"line":202,"column":50},"end":{"line":202,"column":106}}],"line":202},"21":{"loc":{"start":{"line":215,"column":29},"end":{"line":215,"column":104}},"type":"binary-expr","locations":[{"start":{"line":215,"column":29},"end":{"line":215,"column":45}},{"start":{"line":215,"column":49},"end":{"line":215,"column":104}}],"line":215},"22":{"loc":{"start":{"line":219,"column":29},"end":{"line":219,"column":78}},"type":"cond-expr","locations":[{"start":{"line":219,"column":39},"end":{"line":219,"column":59}},{"start":{"line":219,"column":62},"end":{"line":219,"column":78}}],"line":219},"23":{"loc":{"start":{"line":235,"column":29},"end":{"line":235,"column":118}},"type":"binary-expr","locations":[{"start":{"line":235,"column":29},"end":{"line":235,"column":52}},{"start":{"line":235,"column":56},"end":{"line":235,"column":118}}],"line":235},"24":{"loc":{"start":{"line":249,"column":29},"end":{"line":249,"column":110}},"type":"binary-expr","locations":[{"start":{"line":249,"column":29},"end":{"line":249,"column":48}},{"start":{"line":249,"column":52},"end":{"line":249,"column":110}}],"line":249},"25":{"loc":{"start":{"line":263,"column":29},"end":{"line":263,"column":118}},"type":"binary-expr","locations":[{"start":{"line":263,"column":29},"end":{"line":263,"column":52}},{"start":{"line":263,"column":56},"end":{"line":263,"column":118}}],"line":263},"26":{"loc":{"start":{"line":267,"column":29},"end":{"line":267,"column":79}},"type":"cond-expr","locations":[{"start":{"line":267,"column":39},"end":{"line":267,"column":59}},{"start":{"line":267,"column":62},"end":{"line":267,"column":79}}],"line":267}},"s":{"0":14,"1":13,"2":13,"3":13,"4":13,"5":13,"6":13,"7":4,"8":13,"9":4,"10":4,"11":4,"12":4,"13":0,"14":4,"15":13,"16":1,"17":1,"18":1,"19":13,"20":0,"21":0,"22":0,"23":13,"24":1,"25":1,"26":0,"27":1,"28":0,"29":1,"30":0,"31":1,"32":0,"33":1,"34":1,"35":13,"36":0,"37":0,"38":0,"39":0,"40":0,"41":0,"42":0,"43":0,"44":0,"45":0,"46":0,"47":13,"48":1,"49":1,"50":0,"51":1,"52":1,"53":1,"54":1,"55":1,"56":0,"57":0,"58":1,"59":13,"60":0,"61":0,"62":0,"63":0,"64":0,"65":0,"66":0,"67":0,"68":0,"69":0,"70":0,"71":0,"72":13,"73":4,"74":9,"75":0,"76":0},"f":{"0":14,"1":4,"2":4,"3":1,"4":0,"5":1,"6":0,"7":1,"8":0,"9":0,"10":0},"b":{"0":[0,1],"1":[0,1],"2":[0,1],"3":[0,1],"4":[0,0],"5":[0,0],"6":[0,0],"7":[0,0],"8":[0,1],"9":[0,0],"10":[0,0],"11":[0,0],"12":[4,9],"13":[13,5],"14":[9,0],"15":[0,9],"16":[9,1],"17":[9,0],"18":[9,0],"19":[9,0],"20":[9,0],"21":[9,0],"22":[1,8],"23":[0,0],"24":[0,0],"25":[0,0],"26":[0,0]},"_coverageSchema":"1a1c01bbd47fc00a2c39e90264f33305004495a9","hash":"2205ab981c26213bbaec4153af45a1b63327a36a"}
,"/Users/arslan/Documents/Jobs/Turing/marscode_cursor_ai/cursor_application/Notebook_app_cursorai/frontend/src/pages/Register.jsx": {"path":"/Users/arslan/Documents/Jobs/Turing/marscode_cursor_ai/cursor_application/Notebook_app_cursorai/frontend/src/pages/Register.jsx","statementMap":{"0":{"start":{"line":4,"column":4},"end":{"line":4,"column":65}}},"fnMap":{"0":{"name":"Register","decl":{"start":{"line":3,"column":9},"end":{"line":3,"column":17}},"loc":{"start":{"line":3,"column":20},"end":{"line":5,"column":1}},"line":3}},"branchMap":{},"s":{"0":0},"f":{"0":0},"b":{}}
,"/Users/arslan/Documents/Jobs/Turing/marscode_cursor_ai/cursor_application/Notebook_app_cursorai/frontend/src/pages/Signup.jsx": {"path":"/Users/arslan/Documents/Jobs/Turing/marscode_cursor_ai/cursor_application/Notebook_app_cursorai/frontend/src/pages/Signup.jsx","statementMap":{"0":{"start":{"line":4,"column":4},"end":{"line":4,"column":38}}},"fnMap":{"0":{"name":"Signup","decl":{"start":{"line":3,"column":9},"end":{"line":3,"column":15}},"loc":{"start":{"line":3,"column":18},"end":{"line":5,"column":1}},"line":3}},"branchMap":{},"s":{"0":0},"f":{"0":0},"b":{}}
}
