TN:
SF:src/App.jsx
FN:8,App
FNF:1
FNH:0
FNDA:0,App
DA:9,0
LF:1
LH:0
BRF:0
BRH:0
end_of_record
TN:
SF:src/api.js
FN:14,(anonymous_0)
FN:21,(anonymous_1)
FN:26,(anonymous_2)
FN:27,(anonymous_3)
FN:28,(anonymous_4)
FN:29,(anonymous_5)
FN:33,(anonymous_6)
FN:34,(anonymous_7)
FN:35,(anonymous_8)
FN:36,(anonymous_9)
FN:40,(anonymous_10)
FN:41,(anonymous_11)
FN:42,(anonymous_12)
FNF:13
FNH:0
FNDA:0,(anonymous_0)
FNDA:0,(anonymous_1)
FNDA:0,(anonymous_2)
FNDA:0,(anonymous_3)
FNDA:0,(anonymous_4)
FNDA:0,(anonymous_5)
FNDA:0,(anonymous_6)
FNDA:0,(anonymous_7)
FNDA:0,(anonymous_8)
FNDA:0,(anonymous_9)
FNDA:0,(anonymous_10)
FNDA:0,(anonymous_11)
FNDA:0,(anonymous_12)
DA:5,1
DA:13,1
DA:15,0
DA:16,0
DA:17,0
DA:19,0
DA:21,0
DA:25,1
DA:26,0
DA:27,0
DA:28,0
DA:29,0
DA:32,1
DA:33,0
DA:34,0
DA:35,0
DA:36,0
DA:39,1
DA:40,0
DA:41,0
DA:42,0
LF:21
LH:5
BRDA:6,0,0,1
BRDA:6,0,1,1
BRDA:16,1,0,0
BRDA:16,1,1,0
BRF:4
BRH:2
end_of_record
TN:
SF:src/constants.js
FNF:0
FNH:0
DA:1,5
DA:2,5
LF:2
LH:2
BRF:0
BRH:0
end_of_record
TN:
SF:src/components/Form.jsx
FN:8,Form
FN:21,(anonymous_1)
FN:29,(anonymous_2)
FNF:3
FNH:3
FNDA:11,Form
FNDA:4,(anonymous_1)
FNDA:1,(anonymous_2)
DA:9,11
DA:17,11
DA:18,11
DA:19,11
DA:21,11
DA:22,4
DA:26,4
DA:29,11
DA:30,1
DA:31,1
DA:32,1
DA:34,1
DA:35,1
DA:36,1
DA:40,1
DA:41,1
DA:42,1
DA:45,0
DA:46,0
DA:48,0
DA:49,0
DA:50,0
DA:53,0
DA:54,0
DA:60,1
DA:64,11
LF:26
LH:19
BRDA:35,0,0,1
BRDA:35,0,1,0
BRDA:45,1,0,0
BRDA:45,1,1,0
BRDA:55,2,0,0
BRDA:55,2,1,0
BRDA:55,2,2,0
BRDA:67,3,0,7
BRDA:67,3,1,4
BRDA:79,4,0,11
BRDA:79,4,1,4
BRDA:121,5,0,11
BRDA:121,5,1,4
BRDA:133,6,0,11
BRDA:133,6,1,0
BRDA:140,7,0,1
BRDA:140,7,1,10
BRDA:143,8,0,6
BRDA:143,8,1,4
BRDA:148,9,0,7
BRDA:148,9,1,4
BRF:21
BRH:14
end_of_record
TN:
SF:src/components/Header.jsx
FN:6,Header
FN:9,(anonymous_1)
FNF:2
FNH:2
FNDA:17,Header
FNDA:1,(anonymous_1)
DA:7,17
DA:9,17
DA:10,1
DA:11,1
DA:12,1
DA:13,1
DA:14,1
DA:15,1
DA:17,0
DA:18,0
DA:22,17
LF:11
LH:9
BRF:0
BRH:0
end_of_record
TN:
SF:src/components/LoadingIndicator.jsx
FN:3,(anonymous_0)
FNF:1
FNH:1
FNDA:6,(anonymous_0)
DA:3,2
DA:4,6
LF:2
LH:2
BRF:0
BRH:0
end_of_record
TN:
SF:src/components/Note.jsx
FN:3,Note
FNF:1
FNH:1
FNDA:2,Note
DA:4,2
LF:1
LH:1
BRF:0
BRH:0
end_of_record
TN:
SF:src/components/ProtectedRoute.jsx
FN:8,ProtectedRoute
FN:11,(anonymous_1)
FN:12,(anonymous_2)
FN:15,(anonymous_3)
FN:33,(anonymous_4)
FNF:5
FNH:3
FNDA:4,ProtectedRoute
FNDA:2,(anonymous_1)
FNDA:0,(anonymous_2)
FNDA:0,(anonymous_3)
FNDA:2,(anonymous_4)
DA:9,4
DA:11,4
DA:12,2
DA:15,4
DA:16,0
DA:17,0
DA:18,0
DA:21,0
DA:22,0
DA:23,0
DA:25,0
DA:28,0
DA:29,0
DA:33,4
DA:34,2
DA:35,2
DA:36,1
DA:37,1
DA:39,1
DA:40,1
DA:41,1
DA:43,1
DA:44,0
DA:46,1
DA:50,4
DA:51,2
DA:54,2
LF:27
LH:17
BRDA:21,0,0,0
BRDA:21,0,1,0
BRDA:35,1,0,1
BRDA:35,1,1,1
BRDA:43,2,0,0
BRDA:43,2,1,1
BRDA:50,3,0,2
BRDA:50,3,1,2
BRDA:54,4,0,1
BRDA:54,4,1,1
BRF:10
BRH:7
end_of_record
TN:
SF:src/pages/Home.jsx
FN:7,Home
FN:12,(anonymous_1)
FN:16,(anonymous_2)
FN:25,(anonymous_3)
FN:35,(anonymous_4)
FN:57,(anonymous_5)
FN:62,(anonymous_6)
FN:68,(anonymous_7)
FN:72,(anonymous_8)
FNF:9
FNH:6
FNDA:6,Home
FNDA:2,(anonymous_1)
FNDA:3,(anonymous_2)
FNDA:0,(anonymous_3)
FNDA:1,(anonymous_4)
FNDA:1,(anonymous_5)
FNDA:1,(anonymous_6)
FNDA:0,(anonymous_7)
FNDA:0,(anonymous_8)
DA:8,6
DA:9,5
DA:10,5
DA:12,5
DA:13,2
DA:16,5
DA:17,3
DA:18,3
DA:19,3
DA:21,0
DA:25,5
DA:26,0
DA:27,0
DA:28,0
DA:29,0
DA:31,0
DA:35,5
DA:36,1
DA:37,1
DA:38,1
DA:39,1
DA:40,1
DA:41,1
DA:42,1
DA:44,0
DA:48,5
DA:57,1
DA:62,1
DA:69,0
DA:72,0
LF:30
LH:21
BRDA:21,0,0,0
BRDA:21,0,1,0
BRDA:31,1,0,0
BRDA:31,1,1,0
BRDA:44,2,0,0
BRDA:44,2,1,0
BRF:6
BRH:0
end_of_record
TN:
SF:src/pages/Login.jsx
FN:3,Login
FNF:1
FNH:0
FNDA:0,Login
DA:4,0
LF:1
LH:0
BRF:0
BRH:0
end_of_record
TN:
SF:src/pages/NotFound.jsx
FN:1,NotFound
FNF:1
FNH:0
FNDA:0,NotFound
DA:2,0
LF:1
LH:0
BRF:0
BRH:0
end_of_record
TN:
SF:src/pages/Profile.jsx
FN:7,Profile
FN:26,(anonymous_1)
FN:30,(anonymous_2)
FN:42,(anonymous_3)
FN:55,(anonymous_4)
FN:68,(anonymous_5)
FN:82,(anonymous_6)
FN:100,(anonymous_7)
FN:117,(anonymous_8)
FN:150,(anonymous_9)
FN:156,(anonymous_10)
FNF:11
FNH:6
FNDA:14,Profile
FNDA:4,(anonymous_1)
FNDA:4,(anonymous_2)
FNDA:1,(anonymous_3)
FNDA:0,(anonymous_4)
FNDA:1,(anonymous_5)
FNDA:0,(anonymous_6)
FNDA:1,(anonymous_7)
FNDA:0,(anonymous_8)
FNDA:0,(anonymous_9)
FNDA:0,(anonymous_10)
DA:8,14
DA:15,13
DA:21,13
DA:22,13
DA:23,13
DA:24,13
DA:26,13
DA:27,4
DA:30,13
DA:31,4
DA:32,4
DA:33,4
DA:34,4
DA:36,0
DA:38,4
DA:42,13
DA:43,1
DA:48,1
DA:52,1
DA:55,13
DA:56,0
DA:61,0
DA:65,0
DA:68,13
DA:69,1
DA:70,1
DA:71,0
DA:72,1
DA:73,0
DA:75,1
DA:76,1
DA:78,1
DA:79,1
DA:82,13
DA:83,0
DA:84,0
DA:85,0
DA:87,0
DA:88,0
DA:89,0
DA:90,0
DA:92,0
DA:93,0
DA:96,0
DA:97,0
DA:100,13
DA:101,1
DA:102,1
DA:104,1
DA:105,1
DA:106,1
DA:107,1
DA:108,1
DA:110,0
DA:111,0
DA:113,1
DA:117,13
DA:118,0
DA:119,0
DA:121,0
DA:122,0
DA:123,0
DA:124,0
DA:125,0
DA:130,0
DA:132,0
DA:133,0
DA:135,0
DA:139,13
DA:140,4
DA:143,9
DA:150,0
DA:156,0
LF:73
LH:41
BRDA:70,0,0,0
BRDA:70,0,1,1
BRDA:72,1,0,0
BRDA:72,1,1,1
BRDA:75,2,0,0
BRDA:75,2,1,1
BRDA:76,3,0,0
BRDA:76,3,1,1
BRDA:84,4,0,0
BRDA:84,4,1,0
BRDA:87,5,0,0
BRDA:87,5,1,0
BRDA:89,6,0,0
BRDA:89,6,1,0
BRDA:92,7,0,0
BRDA:92,7,1,0
BRDA:102,8,0,0
BRDA:102,8,1,1
BRDA:110,9,0,0
BRDA:110,9,1,0
BRDA:119,10,0,0
BRDA:119,10,1,0
BRDA:132,11,0,0
BRDA:132,11,1,0
BRDA:139,12,0,4
BRDA:139,12,1,9
BRDA:139,13,0,13
BRDA:139,13,1,5
BRDA:149,14,0,9
BRDA:149,14,1,0
BRDA:155,15,0,0
BRDA:155,15,1,9
BRDA:162,16,0,9
BRDA:162,16,1,1
BRDA:164,17,0,9
BRDA:164,17,1,0
BRDA:176,18,0,9
BRDA:176,18,1,0
BRDA:189,19,0,9
BRDA:189,19,1,0
BRDA:202,20,0,9
BRDA:202,20,1,0
BRDA:215,21,0,9
BRDA:215,21,1,0
BRDA:219,22,0,1
BRDA:219,22,1,8
BRDA:235,23,0,0
BRDA:235,23,1,0
BRDA:249,24,0,0
BRDA:249,24,1,0
BRDA:263,25,0,0
BRDA:263,25,1,0
BRDA:267,26,0,0
BRDA:267,26,1,0
BRF:54
BRH:20
end_of_record
TN:
SF:src/pages/Register.jsx
FN:3,Register
FNF:1
FNH:0
FNDA:0,Register
DA:4,0
LF:1
LH:0
BRF:0
BRH:0
end_of_record
TN:
SF:src/pages/Signup.jsx
FN:3,Signup
FNF:1
FNH:0
FNDA:0,Signup
DA:4,0
LF:1
LH:0
BRF:0
BRH:0
end_of_record
